<?xml version="1.0" encoding="UTF-8"?>
<!-- Generated by org.testng.reporters.JUnitReportReporter -->
<testsuite hostname="DESKTOP-4RIJ1P2" failures="0" tests="12" name="Automationdemo.CreateTaskDelTask" time="33.824" errors="0" timestamp="2022-07-27T20:08:09 IST" skipped="0">
  <testcase classname="Automationdemo.CreateTaskDelTask" name="launchBrowser" time="4.189"/>
  <system-out/>
  <testcase classname="Automationdemo.CreateTaskDelTask" name="navigate" time="3.234"/>
  <system-out/>
  <testcase classname="Automationdemo.CreateTaskDelTask" name="login" time="3.464"/>
  <system-out/>
  <testcase classname="Automationdemo.CreateTaskDelTask" name="minimizeFlyOutWindow" time="2.032"/>
  <system-out/>
  <testcase classname="Automationdemo.CreateTaskDelTask" name="createCustomer" time="6.311"/>
  <system-out/>
  <testcase classname="Automationdemo.CreateTaskDelTask" name="createProject" time="4.414"/>
  <system-out/>
  <testcase classname="Automationdemo.CreateTaskDelTask" name="createTask" time="2.258"/>
  <system-out/>
  <testcase classname="Automationdemo.CreateTaskDelTask" name="deleteTask" time="0.036"/>
  <system-out/>
  <testcase classname="Automationdemo.CreateTaskDelTask" name="deleteProject" time="1.332"/>
  <system-out/>
  <testcase classname="Automationdemo.CreateTaskDelTask" name="deleteCustomer" time="1.152"/>
  <system-out/>
  <testcase classname="Automationdemo.CreateTaskDelTask" name="logOut" time="0.029"/>
  <system-out/>
  <testcase classname="Automationdemo.CreateTaskDelTask" name="closeApplication" time="5.373"/>
  <system-out/>
</testsuite> <!-- Automationdemo.CreateTaskDelTask -->
